<?xml version="1.0" encoding="UTF-8"?>
<!-- Generated by org.testng.reporters.JUnitReportReporter -->
<testsuite hostname="Feride-Air.home" name="Tests.GmailPageTest" tests="2" failures="0" timestamp="29 Feb 2020 16:05:06 GMT" time="15.232" errors="0">
  <testcase name="doSend_Click" time="8.269" classname="Tests.GmailPageTest"/>
  <testcase name="getTitle" time="6.963" classname="Tests.GmailPageTest"/>
</testsuite> <!-- Tests.GmailPageTest -->
