<?xml version="1.0" encoding="UTF-8"?>
<!-- Generated by org.testng.reporters.JUnitReportReporter -->
<testsuite skipped="0" hostname="Bobs-MBP.fios-router.home" name="Tests.GoogleMainPageTest" tests="1" failures="0" timestamp="19 Feb 2020 02:56:13 GMT" time="9.971" errors="0">
  <testcase name="getTitle" time="9.971" classname="Tests.GoogleMainPageTest"/>
</testsuite> <!-- Tests.GoogleMainPageTest -->
