<?xml version="1.0" encoding="UTF-8"?>
<!-- Generated by org.testng.reporters.JUnitReportReporter -->
<testsuite hostname="Feride-Air.home" name="Tests.GoogleSearchTest" tests="1" failures="0" timestamp="29 Feb 2020 15:43:53 GMT" time="5.900" errors="0">
  <testcase name="getTitle" time="5.900" classname="Tests.GoogleSearchTest"/>
</testsuite> <!-- Tests.GoogleSearchTest -->
