<?xml version="1.0" encoding="UTF-8"?>
<!-- Generated by org.testng.reporters.JUnitReportReporter -->
<testsuite skipped="0" hostname="Bobs-MBP.fios-router.home" name="Tests.EmailPageTesting" tests="2" failures="0" timestamp="28 Feb 2020 21:59:13 GMT" time="14.977" errors="0">
  <testcase name="getTitle" time="7.079" classname="Tests.EmailPageTesting"/>
  <testcase name="doSendAndClick" time="7.898" classname="Tests.EmailPageTesting"/>
</testsuite> <!-- Tests.EmailPageTesting -->
