<?xml version="1.0" encoding="UTF-8"?>
<!-- Generated by org.testng.reporters.JUnitReportReporter -->
<testsuite hostname="Feride-Air.home" name="Tests.PhoneFeaturesTest" tests="4" failures="0" timestamp="16 Mar 2020 01:09:47 GMT" time="74.024" errors="0">
  <testcase name="features" time="21.205" classname="Tests.PhoneFeaturesTest"/>
  <testcase name="checkPrice" time="20.778" classname="Tests.PhoneFeaturesTest"/>
  <testcase name="allInOne" time="19.202" classname="Tests.PhoneFeaturesTest"/>
  <testcase name="verifyTitle" time="12.839" classname="Tests.PhoneFeaturesTest"/>
</testsuite> <!-- Tests.PhoneFeaturesTest -->
