<?xml version="1.0" encoding="UTF-8"?>
<!-- Generated by org.testng.reporters.JUnitReportReporter -->
<testsuite skipped="0" hostname="Feride-Air.home" name="Tests.SmartPhonesTest" tests="2" failures="0" timestamp="2020-04-03T20:09:47 EDT" time="26.131" errors="0">
  <testcase name="getTitle" time="11.928" classname="Tests.SmartPhonesTest"/>
  <system-out/>
  <testcase name="clickIphone11" time="14.203" classname="Tests.SmartPhonesTest"/>
  <system-out/>
</testsuite> <!-- Tests.SmartPhonesTest -->
