<?xml version="1.0" encoding="UTF-8"?>
<!-- Generated by org.testng.reporters.JUnitReportReporter -->
<testsuite hostname="Feride-Air.home" name="Tests.SmartPhonesTest" tests="2" failures="0" timestamp="16 Mar 2020 01:09:47 GMT" time="25.752" errors="0">
  <testcase name="getTitle" time="11.723" classname="Tests.SmartPhonesTest"/>
  <testcase name="clickIphone11" time="14.029" classname="Tests.SmartPhonesTest"/>
</testsuite> <!-- Tests.SmartPhonesTest -->
