<?xml version="1.0" encoding="UTF-8"?>
<!-- Generated by org.testng.reporters.JUnitReportReporter -->
<testsuite skipped="0" hostname="Bobs-MBP.fios-router.home" name="Tests.GoogleMainPageTest" tests="1" failures="0" timestamp="28 Feb 2020 22:02:51 GMT" time="6.833" errors="0">
  <testcase name="getTitle" time="6.833" classname="Tests.GoogleMainPageTest"/>
</testsuite> <!-- Tests.GoogleMainPageTest -->
