<?xml version="1.0" encoding="UTF-8"?>
<!-- Generated by org.testng.reporters.JUnitReportReporter -->
<testsuite skipped="0" hostname="Feride-Air.home" name="Tests.HomePageTest" tests="2" failures="0" timestamp="2020-04-03T20:09:47 EDT" time="25.330" errors="0">
  <testcase name="checkTitle" time="6.362" classname="Tests.HomePageTest"/>
  <system-out/>
  <testcase name="invisibleDropDownSelect" time="18.968" classname="Tests.HomePageTest"/>
  <system-out/>
</testsuite> <!-- Tests.HomePageTest -->
