<?xml version="1.0" encoding="UTF-8"?>
<!-- Generated by org.testng.reporters.JUnitReportReporter -->
<testsuite hostname="Feride-Air.home" name="Tests.HomePageTest" tests="2" failures="0" timestamp="16 Mar 2020 01:09:47 GMT" time="18.857" errors="0">
  <testcase name="invisibleDropDownSelect" time="9.262" classname="Tests.HomePageTest"/>
  <testcase name="checkTitle" time="9.595" classname="Tests.HomePageTest"/>
</testsuite> <!-- Tests.HomePageTest -->
