<?xml version="1.0" encoding="UTF-8"?>
<!-- Generated by org.testng.reporters.JUnitReportReporter -->
<testsuite skipped="0" hostname="Ilhans-MBP.fios-router.home" name="Tests.GoogleMainPageTest" tests="1" failures="0" timestamp="14 Oct 2019 05:07:59 GMT" time="7.411" errors="0">
  <testcase name="getTitle" time="7.411" classname="Tests.GoogleMainPageTest"/>
</testsuite> <!-- Tests.GoogleMainPageTest -->
